<?xml version="1.0" encoding="UTF-8"?>
<!-- Generated by org.testng.reporters.JUnitReportReporter -->
<testsuite skipped="0" hostname="DESKTOP-9P1MDVM" name="exel_File.Get_Last_Row_Cell_Num" tests="1" failures="0" timestamp="09 Sep 2020 06:02:06 GMT" time="0.326" errors="0">
  <testcase name="getLastRowCulmnNum" time="0.326" classname="exel_File.Get_Last_Row_Cell_Num"/>
</testsuite> <!-- exel_File.Get_Last_Row_Cell_Num -->
