<?xml version="1.0" encoding="UTF-8"?>
<!-- Generated by org.testng.reporters.JUnitReportReporter -->
<testsuite skipped="0" hostname="DESKTOP-9P1MDVM" name="exel_File.Read_Data" tests="1" failures="0" timestamp="09 Sep 2020 06:02:06 GMT" time="2.798" errors="0">
  <testcase name="readdata" time="2.798" classname="exel_File.Read_Data"/>
</testsuite> <!-- exel_File.Read_Data -->
