<?xml version="1.0" encoding="UTF-8"?>
<!-- Generated by org.testng.reporters.JUnitReportReporter -->
<testsuite skipped="0" hostname="DESKTOP-9P1MDVM" name="exel_File.Get_Last_Row_Cell_Num" tests="1" failures="0" timestamp="13 Feb 2021 10:47:11 GMT" time="2.605" errors="0">
  <testcase name="getLastRowCulmnNum" time="2.605" classname="exel_File.Get_Last_Row_Cell_Num"/>
</testsuite> <!-- exel_File.Get_Last_Row_Cell_Num -->
